1000
0.16040351443620196 0.0012993716764738603
0.1365332070007206 0.0023196033595383513
0.7450349050913084 0.013925039904542944
0.7052217843557785 0.015665301641259843
0.7413139942617668 0.021240818458724088
0.6196892419060234 0.020735244158620804
0.05400403302158381 0.0019501275476200006
0.41819021929439304 0.01524463775974189
0.9951516812016336 0.041195670135874794
0.017239793518426475 0.0007976482604003686
0.2908514517015549 0.01407857484060609
0.13788946624188586 0.0071022740777154265
0.6171671859939631 0.03567452030007783
0.04540793877965862 0.0029033243940235986
0.24200371604298243 0.017619736106307023
0.6982077395687644 0.052552332656383344
0.11880658894012293 0.00982077727306974
0.6060038892528778 0.05569280559967882
0.1719390924125354 0.016676429393824254
0.6410319149781896 0.0653363589888356
0.20107844552949247 0.02088772194106801
0.307981462519327 0.032218457561366806
0.6370951461586878 0.06915778961948095
0.9394626426085615 0.10915885684785483
0.3093460457391854 0.03712832801451496
0.13791403963001048 0.0174861902935968
0.8538995009214924 0.11283870574627518
0.4665023887625137 0.0638597364059644
0.5233267847174632 0.07600124126915549
0.029281349938865855 0.004346218551908636
0.8441728476780458 0.12586187575138963
0.15856198006794422 0.024266419191120558
0.9196170474477413 0.1472787855575907
0.3154081480784315 0.05211750648953267
0.3172358267058401 0.05513866206836299
0.7006978941907692 0.12592594968163015
0.3478484161325778 0.06434622368404751
0.08113443456121829 0.015210553051838355
0.9664841335883795 0.1906531503301519
0.29707475668958216 0.06154994729397152
0.7425709879083408 0.15897294033652282
0.806975849788164 0.17694318878154805
0.36875781931487117 0.08310342179170069
0.8024797570765393 0.18551140510918698
0.3410208010184829 0.08033536835932509
0.9549189568496065 0.2283507895595697
0.4115184245360605 0.10186856641659298
0.7084139213792995 0.1818520798459765
0.8918599433198556 0.2372464660847482
0.14556314436739404 0.04023566867628119
0.6507822696778518 0.18023241380567848
0.7731453698851207 0.2214995178126109
0.29053858478268735 0.08351473804978188
0.6706006427218308 0.19798555987001445
0.2719754698827786 0.0823342409631165
0.5023576631249298 0.1553930593688319
0.05790814202467504 0.018302141636635256
0.29959909622677094 0.09619594400722566
0.5120747887319607 0.1672398454503408
0.13333116822800334 0.04475387103493292
0.3705994100478443 0.12474560369437294
0.3015770332751037 0.10225775889100369
0.3768682079413919 0.12899252004748316
0.16489097521980015 0.057195938173126244
0.318555129338028 0.11313135690536791
0.07171091090993344 0.025723415956369924
0.1717721574095319 0.0618171723040214
0.36490999890819853 0.13248421095112625
0.11581269860906904 0.04302626657091657
0.1605577296055516 0.061171968758272514
0.882027078324579 0.34203196257435875
0.8040306332396465 0.3203361213341651
0.10154100432498415 0.041231491947676
0.45588680191101494 0.18576612164461603
0.29141063171667253 0.12163979173160074
0.35902904475368697 0.15211541344862833
0.5350679649793035 0.2296327310033715
0.5346423569655356 0.2354482959794423
0.34050583518649513 0.1529221010371933
0.09885564420434698 0.04519082675691359
0.34268753297755444 0.1604854713830409
0.043888011218318555 0.02080647814454111
0.7477703939186946 0.3555727515589641
0.7845948673268984 0.37572482796612633
0.8169004239893983 0.39693735832502963
0.603177831666518 0.2937991074019415
0.1040825107666462 0.0512629526907024
0.0013704311035865368 0.0006841881686818216
0.2750122530624505 0.138063840640498
0.6433601011148655 0.3305306576638321
0.5665903392294299 0.2920245417801149
0.6255353542313031 0.32518194166953285
0.8249771266321889 0.43238981895331935
0.019416752233513163 0.010339828637026933
0.08230941609663506 0.04440539184780607
0.6177942867437599 0.33815158741934814
0.5049981478145383 0.2811459132383252
0.257282327038208 0.14458873319879806
0.300168777486477 0.1690370284756533
0.19248054287136596 0.10940149149418034
0.3847785770115476 0.2196558361685594
0.32064675923754177 0.18332630099164143
2.252425795391268e-05 1.2914246942719495e-05
0.7994180817683928 0.4620819795187948
0.6895660106460244 0.4048494276846692
0.12379682773408689 0.07302540618734321
0.7846037677893661 0.46855040396209824
0.7303889462632962 0.4413448205446642
0.17644706466130056 0.1079403116838285
0.1151389558812378 0.07153614057402004
0.40212443040684276 0.25373793462591454
0.3028064386008915 0.19219513568661745
0.03424598987921024 0.022070948136669353
0.23276569505862657 0.1531096847925784
0.37903852470658034 0.2540124961858271
0.6865042157246195 0.4649234214581408
0.15983636795116485 0.10966781136645805
0.15992358572531162 0.11137375382756301
0.38050129225628176 0.26812900630726033
0.6419121198982427 0.456425441571337
0.2142454823354672 0.1538804798074857
0.39312162309037135 0.28498161735672783
0.13596099603487896 0.09998586168355239
0.7168787885417847 0.5308769643572684
0.7417449328895434 0.5585989120362913
0.6076669059347668 0.4662725516289355
0.6388178908203646 0.4945688214731769
0.5499082625545734 0.42700276068317133
0.08012403021185707 0.06333796152907978
0.30847541654360616 0.24814519320709377
0.6055584460358986 0.492194677064371
0.5463827665245896 0.44837727716463294
0.3693742637176859 0.30433515583198245
0.344031296019552 0.2864371166193359
0.36249038118755905 0.3072491180328524
0.10067888903577721 0.08601615556823594
0.6416076249828943 0.5511207145265109
0.7309510563735745 0.6381031176249506
0.216460682037048 0.1911216880669547
0.37035699205498396 0.3313305294074039
0.7094995445171599 0.643969812845972
0.329611619714931 0.30304560608957465
0.5397725745087925 0.49902268196770694
0.5137069919925891 0.4783495572846538
0.5204798093879142 0.4924737394610318
0.14746503317550755 0.1402883168964757
0.3115178826712268 0.29882958202034166
0.17470946773205415 0.1677479177114484
0.019259741764085476 0.01868412961104688
0.1621613015175569 0.15896650033016232
0.29937402104922406 0.2986617495386378
0.3020660644451514 0.3018237282720275
0.5726627879398397 0.5806092500633611
0.2951660247510646 0.302723808165554
0.32557714835662377 0.336273059805989
0.005247619845544656 0.005513953121432333
0.1600623866227141 0.17048459098272117
0.16002220038301576 0.1719301338309054
0.07247915709301597 0.0785932187847615
0.6381873034754981 0.7027884522893191
0.4338644652407771 0.48332841930934806
0.21998247828393114 0.2488542527166395
0.4023203429324066 0.4625449456699284
0.17334420224157984 0.20075328435056303
0.5883262297454372 0.6825394183800751
0.2809655725431641 0.3263689541504311
0.5073431073999876 0.592369399696937
0.1760015057293181 0.20612899989362235
0.0752864861790407 0.08885956428565277
0.4421142715527018 0.5274398893966808
0.24532194887627617 0.2948972233867118
0.09953613305651415 0.12192674377477704
0.262845357996685 0.3271662634651754
0.014393374672909236 0.01806186502025249
0.3248302530788853 0.4126925255537072
0.02921782324031631 0.03729094411011324
0.32920883722095456 0.42855845449903407
0.24081099958140204 0.31788296721056836
0.587109717304857 0.7803596453733306
0.12374617445321194 0.16743133250513195
0.0745379220907608 0.10226283825241453
0.032778451650301875 0.045270568825779595
0.5329328676497871 0.7461859960868055
0.16329056441769876 0.23016156206352076
0.3098124508278816 0.44370663960049456
0.37968437085967705 0.5470932594870241
0.3779169745040116 0.5464031706715637
0.5223075967540827 0.7582653178985089
0.35947540660123767 0.5229371697074914
0.1455029894308602 0.21361201201342583
0.3558797612130742 0.5242017818479127
0.04190757210522697 0.06213765740966237
0.18184873409103866 0.27380262145911827
0.49416131487061216 0.7480594545788553
0.47531742787804804 0.7236675067717441
0.01560470081654408 0.023876533227820098
0.2747420273368915 0.42875178006708353
0.059700939877355697 0.09374351843540527
0.2801802144762382 0.44741731588531297
0.031788129571430804 0.05089650155232979
0.2495194541785711 0.4003492065112176
0.41515765048235426 0.6703062875271062
0.09391889737888161 0.1538286276535916
0.036271253554307194 0.05979083723572168
0.3505526966801106 0.5832890752350978
0.022698772611849865 0.038422684361800484
0.04516267188486816 0.07724931222100533
0.2655332693791425 0.46208800711106507
0.4527574119206345 0.7972125407108268
0.46433466858283895 0.8267181496301408
0.22954729730834514 0.4142298909482843
0.12998486878492793 0.23684973781277377
0.012144249006889239 0.022384284263536478
0.014805411619473451 0.027468830465882093
0.21047910515982793 0.3929631136956276
0.16942698941332868 0.3181154929603226
0.1766701832227262 0.3369398049409184
0.3531797744616706 0.6787222689146625
0.09392645210564823 0.18334067171565466
0.30498014607369206 0.5999072285677215
0.28889807998846134 0.5712959871746792
0.39982092995401414 0.7918574802763488
0.2819993834302935 0.5660853517441776
0.09493849249337508 0.1923675860166518
0.29650477174619877 0.6030258681639951
0.20897042494051954 0.43165457031970744
0.3335225786665743 0.6918412867145104
0.4245597396895394 0.883676138745397
0.09307036240695413 0.19427758798371236
0.4026265127530986 0.8474324337406789
0.35263869320789226 0.7436489686036164
0.27511869192969274 0.5840797067550669
0.17493562654910164 0.37932705950358364
0.32287855530143134 0.7060803061185593
0.36361878853427687 0.7967080298981619
0.09317436335201532 0.20435383279164215
0.3984751363260247 0.8946571927033555
0.3506636603979146 0.7889697000408036
0.3070278696878459 0.7083751092727432
0.1499132715676434 0.353860213360504
0.05124751164114922 0.12334037210646927
0.22742405842281932 0.548725929043916
0.056467163268463065 0.13713948677469998
0.11255225016470036 0.28004688897405344
0.33849044632475705 0.8588463515913863
0.3031651752551466 0.783787752416245
0.07057135445078073 0.18498428946132162
0.09088818948280622 0.24530008841075088
0.12749776417359626 0.34937870469225396
0.2592382624298839 0.7268079269588938
0.030050515096760384 0.08549774626450089
0.037037288138783396 0.10590247306266885
0.004420663434626364 0.012828338254552159
0.29790154841473093 0.8813899151624413
0.03268821311536698 0.09783364149439812
0.3059094868221345 0.9436949761628726
0.006357436150174711 0.020258160437077188
0.1687136225977303 0.5389352727025543
0.015289989090405383 0.049733790861885334
0.08765882122211759 0.2868655258150415
0.051470796050992 0.17024859199091158
0.22940082333580697 0.766803143451192
1.1326243578544436e-05 3.7990139875307226e-05
0.17336183121944765 0.6004235135958009
0.07544372896697277 0.26563713941094846
0.09673591220415924 0.34688632953322046
0.2110387178587268 0.7716964711928445
0.17840410406136087 0.6741878159646542
0.20175084661487963 0.7832099101861184
0.16777164136987724 0.6617865281361374
0.1877772459382058 0.7693347615294921
0.019448128796907934 0.08313791987264334
0.15334701708410187 0.6813941658317129
0.21365807519352725 0.9676159502971919
0.19863792436378652 0.923710485007945
0.13973967820926803 0.6810448631829598
0.1294346090498123 0.6529199011587234
0.15691084382158182 0.825237370000673
0.010558289991441752 0.05850942611757593
0.1417040093494762 0.798585161564862
0.0053409369169091616 0.0318516587078824
0.0589382187562412 0.369968980562509
0.0948435691138796 0.6130368489869793
0.055285725548724296 0.3792157246518044
0.058478112460504265 0.41752988032755123
0.08513551113039204 0.6173973995303361
0.06472756692945965 0.5053886694680244
0.005938912182254178 0.05019146460773012
0.10820851915188252 0.9636204081777172
0.09662414518264931 0.9259424042525343
0.04793608693730092 0.50034616264052
0.08202141931007166 0.902863680394249
0.029278036115190406 0.35636185873010057
0.025421046933269867 0.3276779105249503
0.02884176611576851 0.3956459937578904
0.01656044560594976 0.23180025552407696
0.05772642802222038 0.8445318550609335
0.02239904257871536 0.33220747410603807
0.02659526825226632 0.441410844158439
0.010817153393052446 0.1863900593139828
0.053827858785478744 0.9666352443748185
0.04204187377361163 0.7709198665986956
0.04608304278577683 0.9501041816425275
0.033601365119094805 0.8154025977306844
0.013549815070126654 0.3509348757953683
0.016734876741635332 0.512632007644224
0.007186923414604372 0.26604201094557994
0.001585292199420267 0.07372292735345772
0.015610719638117056 0.7969486005904268
0.014734107075056345 0.9070549381032922
0.0043857480789794645 0.3017705750360542
0.0057809959480811255 0.5622185671779248
0.0003412444961716607 0.5030303699517008
-0.002993041238466268 0.5992134129473679
-0.004200585498510543 0.6133657165664632
-0.01036262199633275 0.7060050367730604
-0.018793402348253805 0.8969129200468754
-0.013640982605980246 0.5407414507598909
-0.02389340244328184 0.7941602276552365
-0.0023051446497497938 0.058874977007662276
-0.01930842945394235 0.4584173620217605
-0.006434801600482369 0.14583960576950047
-0.03599041328105731 0.6733174974083094
-0.03201649113277164 0.5706126841507705
-0.006143149388815324 0.09880926485313736
-0.004324260130003478 0.060229716318857145
-0.013482969436989335 0.16770489473571157
-0.04094050882420579 0.48245786413659825
-0.02255870926160267 0.24311583563517453
-0.013094774197637911 0.13721538316974338
-0.07986668317473399 0.8033235667470664
-0.05688897281507912 0.5342284019475989
-0.09249456492607099 0.8571004912069177
-0.04591364630421074 0.40220403140139144
-0.09861739847661882 0.8239858485687475
-0.06939277474190353 0.5614081598478059
-0.04211318554847868 0.3267936384420892
-0.07639558681852632 0.5674041386589322
-0.09703244989003798 0.7181105567795586
-0.1363833816477301 0.9838880286537932
-0.10637728589736371 0.7167020049004363
-0.0405378381126582 0.2706346384635555
-0.0017442838317128818 0.011330402733255375
-0.04677619653846929 0.2960824592748713
-0.050790363691216714 0.3113662678465608
-0.15906485208611235 0.9721186462496011
-0.07653305796159046 0.4662387808314514
-0.08400162515999376 0.49300954921780704
-0.08933619940723903 0.5090538845233294
-0.1345385455258835 0.7486084220892957
-0.02094589197904484 0.11319591639083149
-0.1497182333894236 0.7983025506290302
-0.024914688032143743 0.12858575947643217
-0.06739052339654637 0.3458125847196321
-0.18242506580880113 0.8971025671818954
-0.0763756343247148 0.3710901103853366
-0.06270221719140186 0.29911787636587717
-0.18278591843985112 0.836169524373268
-0.06873275631611647 0.30450051767010167
-0.1674204338689683 0.7112114232047164
-0.037973183870394625 0.1566643033639757
-0.12758493451155237 0.5243356714860654
-0.03834264847128583 0.15418649015109576
-0.1048267756312947 0.40734840300696695
-0.1771826393167367 0.6632636921473419
-0.05628077850059395 0.21009229789235825
-0.15523980495667478 0.5702750409038878
-0.1523317378022766 0.5541225203552099
-0.2535425846621011 0.8967146757553167
-0.0663692139084804 0.23329703253152542
-0.2268842255924735 0.794499606640219
-0.20263071671883917 0.6933221278666089
-0.1716471886709272 0.5770217697700105
-0.06143862663238752 0.20223935957677586
-0.22519221671665773 0.7273881650357275
-0.23563232615620106 0.7511616592282253
-0.26177168933102385 0.8254441620384761
-0.1618067190440962 0.5020573373716211
-0.2815315003409392 0.8523900104003121
-0.10180141857515575 0.3046779733872751
-0.19189820740867938 0.5713213578155762
-0.07521884454317306 0.22289472013632608
-0.2874242094036933 0.8253159083423247
-0.2136426688481603 0.5949674715921857
-0.021649885064769416 0.058896360783181494
-0.003181978497948147 0.008564561998563895
-0.29032044433095183 0.7664187514579046
-0.012179821858027845 0.03166786559536126
-0.041912464805390875 0.10863397531742128
-0.015000237828765901 0.03828965423910041
-0.06702997163294507 0.16700974686187353
-0.2705250228957153 0.6638058857398121
-0.16031254262598574 0.3918478756342274
-0.15540577343773157 0.36971132148546476
-0.001526268944535485 0.003589985865323801
-0.31824734493021195 0.7302991385457054
-0.302541619778136 0.6781667519709152
-0.23422567825413237 0.5174263764927982
-0.18510647611952566 0.4085606424835972
-0.4037302086309501 0.8817126474094048
-0.3257479624739848 0.7034926008697854
-0.022000013254275086 0.046431961419286495
-0.11542167988353652 0.24276687342323428
-0.3371956241840159 0.7029771714863748
-0.43646167190840474 0.8982203248119567
-0.10634261572731801 0.21687443375287224
-0.24599526308514294 0.4996468512894171
-0.20312674044002957 0.4112861019279184
-0.18374292563426833 0.36962678954275624
-0.34687117433273007 0.6857790385677801
-0.2526760957732781 0.4878615474800365
-0.16919835575892556 0.32472334394094327
-0.1751157806067733 0.331242753945086
-0.06069142374044189 0.11412005286852582
-0.3889924370957961 0.7236582028484425
-0.30828883243186134 0.5662292987496369
-0.30756692970215055 0.5584274986832531
-0.3501168177462664 0.6257320539970276
-0.4221129718987021 0.745727297899862
-0.4360624839422768 0.7674771438184836
-0.13478537935096854 0.2329998196353792
-0.078635247041174 0.13370508331647507
-0.45562841457949865 0.7674330630696913
-0.341644586604726 0.5688682429183177
-0.28464627182668534 0.47224799970433967
-0.0404857814272958 0.06589530743230687
-0.16896496267460395 0.2731268935921316
-0.4282316488478762 0.686265406072136
-0.4788152557104319 0.7530001867965611
-0.013783776372023602 0.021304348723544163
-0.4802023143634391 0.736121324220395
-0.2797240153013244 0.42140369234026337
-0.0732316475706255 0.10995282332562163
-0.33865346461974105 0.5014616615737278
-0.5126439237733422 0.7534804392928552
-0.3963046455018681 0.578188425853986
-0.008016927586993164 0.01158378534053918
-0.3517741118015609 0.5020950791429185
-0.2420560931316704 0.34325005879308207
-0.242013460182739 0.3381766310723084
-0.45783615837914327 0.636822727904744
-0.5579451739511648 0.7711451185871562
-0.5337497957971816 0.7320703062774012
-0.23763179330147183 0.3236589038515471
-0.32359345833034414 0.43893201625440187
-0.27869519917924834 0.37110172381439704
-0.5703190651260323 0.7539375975610562
-0.4774692455160218 0.629303263472635
-0.000653245480637853 0.0008549308176598187
-0.15514832927313654 0.2011565001101797
-0.2696559404122195 0.34731098830453505
-0.09129696974754992 0.11582601971797647
-0.601557808533509 0.7488127853387913
-0.3649859574535991 0.44844636176983227
-0.015000159191990582 0.018316721795960597
-0.6041392362012841 0.7264408798693169
-0.005384573501391729 0.006356928702863232
-0.2392256618674631 0.27950987634743113
-0.6389337255478417 0.732743738639504
-0.3019907777032502 0.34052010443880676
-0.3465436551497028 0.3837143376403532
-0.21865741393844598 0.2375256882862164
-0.4398508623713662 0.46927559434475047
-0.08929942483658232 0.09449454820336735
-0.10718473288495492 0.11290568310807611
-0.21058815127031788 0.21775235245170044
-0.28499854888259624 0.2942047545680725
-0.1900182706837625 0.19363961195762272
-0.3390874050847522 0.34029829315222726
-0.6722975824249616 0.6716147760173654
-0.3297601665339893 0.32486324304799197
-0.5784599819349218 0.5644560109353076
-0.017415487233602006 0.016711079806172736
-0.5069901488013747 0.47814546951820813
-0.25867439540233245 0.24256869242183027
-0.008787074158391635 0.008168864606027669
-0.227479113247315 0.20991955634999868
-0.3937157320356985 0.356666505459191
-0.6370365750106632 0.5733908571498028
-0.3235667493856739 0.28945451420050833
-0.2598000221041234 0.23225788083563131
-0.5489494395153692 0.48533861964543046
-0.6211570848651767 0.5425136025472111
-0.40531582618081796 0.3533890758145482
-0.19208245244286107 0.16672012909210418
-0.7017222724752448 0.6026341634443638
-0.08024586030318641 0.0678397622901482
-0.5655512713592877 0.47636787187428464
-0.04322788530142859 0.035748378975726795
-0.33722255826083203 0.2751564262009393
-0.026971898600718882 0.021723571786943854
-0.7434950233474735 0.5929746929381449
-0.40326155747864634 0.3173513140358654
-0.6369712994863467 0.49662312043752105
-0.3235246742599389 0.2505058470170643
-0.7615236647723562 0.5853385869685782
-0.354039391270722 0.2718101801296687
-0.25799458798544966 0.19728497509262008
-0.7838165627140598 0.5946703289312514
-0.705824146210866 0.5277892199614509
-0.1802671230913422 0.13340227386540288
-0.7516650988351515 0.5529639188415167
-0.11082278429899399 0.08138354721872336
-0.4386225658854076 0.319484015510276
-0.3282478989879429 0.2385751154197158
-0.3478504978395923 0.24844924903331453
-0.4867648233127753 0.3461975318795562
-0.06895292352005529 0.04835715613608283
-0.1309303255557399 0.09102223093536395
-0.2734953556020945 0.1867920230998196
-0.11122893872483877 0.07449453313716262
-0.0660266503049146 0.04409479471055939
-0.17714389082600937 0.11638907374179937
-0.3587203059170564 0.23351514402294482
-0.2174340708921604 0.14015548620111987
-0.2091109141472193 0.13417824333879844
-0.1468329274928671 0.09392092871854096
-0.46556289249695304 0.29227720321507766
-0.4921522528172033 0.3076694082535223
-0.2210152320794048 0.1375341944486151
-0.05662822938992072 0.034951528863919924
-0.2348839610855947 0.14221043351863705
-0.8324539734966486 0.4955376198287199
-0.3632937313796877 0.21494743099459568
-0.7488571264147534 0.43798383868340823
-0.6774916998731013 0.3884542500463487
-0.2630244005936674 0.1503052399506875
-0.5613106207743735 0.31379949051449785
-0.6197410514416889 0.34609552709151664
-0.8107676236908946 0.45180222091476707
-0.41743750957677156 0.2307130489439923
-0.0849846775836279 0.04679661362173062
-0.5101859814493325 0.2791530164753033
-0.7343888809332069 0.3974360777047494
-0.3672218201449284 0.19462355156240294
-0.14925089155001808 0.07859049535029923
-0.5466347691195748 0.28285228150771224
-0.6675214959237858 0.33740756213045214
-0.006384375200090205 0.003222212111850011
-0.26732227457518654 0.13333976498848576
-0.7580380285938637 0.3769899040328828
-0.14145040628882544 0.06889700021141609
-0.6295998226099165 0.301671652330772
-0.010396803138491497 0.0048880412012451266
-0.019019445362002136 0.00890265706924055
-0.32204844096063456 0.1489531433071707
-0.3670238637509655 0.16687997983908165
-0.5839361484440381 0.25899786742051195
-0.6557892374619352 0.2905364591955938
-0.8401453001718989 0.37015166425997975
-0.006789795265472393 0.0029614982212888283
-0.3941589626422272 0.1705409449918141
-0.5820677543037855 0.2510147541645384
-0.5350678751726361 0.23032289011016518
-0.5878735321356466 0.2496703778493461
-0.29067211709599533 0.1212415896444825
-0.5300744106257155 0.2196323689819789
-0.855043900290326 0.3526709599390479
-0.6122011826461284 0.24745492578292405
-0.1784835482418971 0.07020188550891707
-0.14270009575346443 0.05538545656703017
-0.4722499163304084 0.18027734452955524
-0.3890223930198681 0.1442464147081408
-0.41817111358547265 0.1508132061007617
-0.47496128412280214 0.17104335296134596
-0.695161445412436 0.24504073303283627
-0.33706480550608114 0.11630721364078245
-0.7149820054401547 0.2413496192871173
-0.28719319325083653 0.09565590482834747
-0.5983889048855632 0.19347569572828163
-0.6372496922600726 0.20130578930844473
-0.7945666093773744 0.24779947019607168
-0.6599770859490939 0.201887142334792
-0.25438376714423755 0.07673219375558145
-0.6971251256422296 0.20684710485231328
-0.08887994621600541 0.02629621533867803
-0.3834564772085663 0.11207451800390532
-0.24858538427467025 0.07117348319558611
-0.1663790281532978 0.04693071696640891
-0.6874551622754843 0.1881934509602779
-0.8726751848910128 0.23688665335577908
-0.803345817781174 0.21772683245440128
-0.42058959514819944 0.11278079031816816
-0.8075690570747976 0.21174806904925064
-0.7172088296275719 0.1868434713182436
-0.3128350934306924 0.07938004385241441
-0.8744838285858212 0.21973037298362347
-0.5984725630670975 0.14563840057684635
-0.545853035859668 0.13185677140624238
-0.48913851447394385 0.11563561450132187
-0.1521855439548296 0.0347465163579391
-0.2779484543868816 0.06216555487936428
-0.03863462772438295 0.008618929642816952
-0.8134360419683857 0.1743135453891755
-0.7086601716712632 0.1453611001282316
-0.18878130704580703 0.03840423390265329
-0.17383469761455642 0.03489993496494659
-0.4968040432470515 0.09584268098146799
-0.17798161648734306 0.033481573110430846
-0.9595008475513369 0.17368952918690686
-0.9087380293832922 0.15963463735586716
-0.18419361223997607 0.03148204999388262
-0.8787797350626728 0.1418269448735587
-0.6978434061903146 0.1063944906864082
-0.25532599570451825 0.037708852758185106
-0.4062024225312109 0.05851596685413208
-0.9034857721400887 0.12230091228685387
-0.8962269960188158 0.11379621761259034
-0.5774558512856436 0.06836028572898538
-0.05688485398553607 0.006300896971964163
-0.7570958242925429 0.08050077264818979
-0.021102153794370717 0.002180753609451946
-0.35084199859798687 0.034275758269420566
-0.9267584933083125 0.08233420126112802
-0.2544282050071309 0.020734150065960775
-0.060502069069229725 0.004484584941331966
-0.5547371815978543 0.0397430283961903
-0.3040264219114006 0.020405823055047883
-0.1456147205004382 0.00971513277916604
-0.17766233680424942 0.010443730907680762
-0.33048159142175126 0.019265039535389453
-0.80828373770932 0.04319829409479427
-0.03522038349265088 0.0016203762775642242
-0.2936468159126777 0.012964308896994146
-0.16937429580328942 0.005915203219439853
-0.5075296230431012 0.016400543622637726
-0.6190327623510339 0.018477923695277145
-0.05387352351933071 0.001086672748708744
-0.6854912540744615 0.01042502518984431
-0.9446807300031161 0.012571194663943781
-0.2344839744599351 0.001862851368243766
-0.3510016862732915 0.0012924537000771502
-0.06437663521146826 -0.00016516191806070885
-0.49049830046398013 -0.00238552672110569
-0.9655209392842927 -0.008618340258144456
-0.4163282865209118 -0.004896006830096943
-0.6954908110685823 -0.014649687841288674
-0.5778907329474675 -0.01671942288978722
-0.1552896431723197 -0.005831237982052481
-0.6318563526206811 -0.024832187092271158
-0.15496107190563546 -0.0061625863752975355
-0.6636694301367145 -0.031216239074286826
-0.20625054772113757 -0.010362295336362208
-0.4339990175401151 -0.022937744763713318
-0.3664707792127253 -0.019935446021496783
-0.10077025056671582 -0.006139565285898751
-0.3521853649931661 -0.022355081968215257
-0.9723896973654961 -0.06859599872938459
-0.49790700877300303 -0.03846554767443989
-0.22175292068382949 -0.01834129785337087
-0.8439017915673768 -0.07773739506742215
-0.306480335225022 -0.029850818476385713
-0.6759714610978572 -0.07195596031436693
-0.9256901552466271 -0.10226708919373194
-0.17671967765331784 -0.02111155624484568
-0.011954819962820518 -0.0014663584007927925
-0.638890226626562 -0.08399367662637447
-0.5527670871500627 -0.07311901734399229
-0.1643419212618296 -0.023123403694506803
-0.7185969389221021 -0.10407351891365399
-0.10424739966609801 -0.016073866398089116
-0.9661820357078711 -0.15155011357674542
-0.06270557056664011 -0.009943695840364716
-0.19643828314490225 -0.03166047885473625
-0.08572598936377225 -0.014411077715815178
-0.5356090941458361 -0.0930977196184275
-0.700504976859838 -0.12790217694111033
-0.2673298501463712 -0.05054812546435447
-0.00933538000057294 -0.001776763466844947
-0.31620618007528833 -0.06213155171064903
-0.84157391889777 -0.16889599242345396
-0.7169616082601165 -0.15111930137178578
-0.6145151423639846 -0.13131045458986298
-0.9635945091129979 -0.20665015995561567
-0.2607525047018981 -0.05819660411964243
-0.33653954448184953 -0.07788124270537636
-0.08510887497942073 -0.02017814096617371
-0.11595791530767188 -0.027933598733959984
-0.15053474552366666 -0.03718784874182469
-0.015053052427205216 -0.0038044172852629166
-0.38036483860565085 -0.0991737161535253
-0.9139196407591964 -0.2390744437228458
-0.7911751850261346 -0.21241933225218934
-0.458405659989348 -0.12473090148732514
-0.6947522564461727 -0.19452383789163105
-0.908528669323884 -0.25848158576193725
-0.7301570824998377 -0.2124005021238653
-0.4985585185916139 -0.14650401761069806
-0.20575059934872444 -0.06195425247887841
-0.4588984587281607 -0.14166747160523668
-0.6327381006244777 -0.2012538814301811
-0.6724048897390873 -0.22068986534170218
-0.09258272685592236 -0.03117282539692592
-0.17111981244201743 -0.05917404309514764
-0.922899065785982 -0.32514979578671666
-0.152899296636592 -0.05398647343890548
-0.29127315608947957 -0.10478030373612571
-0.2819091895299024 -0.10437105422838615
-0.7504586879900862 -0.2861717520817683
-0.5309506896473772 -0.2077057048078235
-0.13584770670360868 -0.0532051278569715
-0.10559368772045902 -0.04211548102309813
-0.6686273853932476 -0.2713109407640378
-0.9012182008795389 -0.3669727101482378
-0.00868481013343201 -0.0035737212478228384
-0.48229906897414326 -0.20156089401816532
-0.6962280397346148 -0.29853703139400006
-0.7780787075896752 -0.3375957245705947
-0.6282163464273346 -0.27831320528470654
-0.6324158291519274 -0.2856472733629932
-0.027981348954801463 -0.012950084969416404
-0.19920838766942087 -0.09428705394975224
-0.20306150567459885 -0.09760319721735068
-0.2898243466393696 -0.14190904554516387
-0.02146904373690824 -0.01075178479481616
-0.7043819777003928 -0.35366623537079184
-0.7160911465455879 -0.3671317737897983
-0.7835582939383886 -0.4082544761474568
-0.5440371293662319 -0.28972957159229035
-0.46832431664324387 -0.2517386804037191
-0.15437397295454003 -0.08422288653378512
-0.5485966934962984 -0.303307513199973
-0.2538384009859371 -0.14316872244774137
-0.03606670694122028 -0.020381150983999497
-0.035753000313426625 -0.02039270560074843
-0.029488670945244832 -0.01710007508238133
-0.03176428069722723 -0.01843545433375974
-0.7578958850565262 -0.4426510796592507
-0.7379378742596556 -0.4390647365119703
-0.8272498148558635 -0.5023192954434296
-0.015747460342371303 -0.009695746043637772
-0.49894500595076113 -0.31087712695978803
-0.24753592809944852 -0.15695788017504347
-0.2489847301332291 -0.15995075768864045
-0.7660950581514493 -0.4955896392184596
-0.2916860391955271 -0.18932962669788486
-0.08252541357635919 -0.05387734426367801
-0.6050633401538241 -0.40079297139830017
-0.17601044039179742 -0.11897235179200139
-0.4614222484575086 -0.3158848811303576
-0.5163616059425673 -0.3550310121458651
-0.5453516466116762 -0.37881859408202884
-0.729728078982524 -0.5145446914031925
-0.506060862018899 -0.35875014015480045
-0.20164799582690324 -0.1451784918465314
-0.8009564736968815 -0.5771864595439369
-0.19149906080347842 -0.13936026636421184
-0.4719097230285493 -0.35044243516870144
-0.1458562334339684 -0.10943135467884904
-0.056925299119606594 -0.04350279356041826
-0.3619545654003428 -0.27878781160832833
-0.31184034787311565 -0.24263947475034303
-0.6260520553613601 -0.49064778563482836
-0.5807272518801954 -0.4601530917750284
-0.38994313757163207 -0.3146525387926009
-0.3632571293005304 -0.29356343251835276
-0.18196453944776936 -0.14917941242212066
-0.6450053530772423 -0.5331591321965239
-0.6095011566697981 -0.513075090303796
-0.5593053682055908 -0.4750135225279775
-0.7593039764024802 -0.6494146005343878
-0.10887169927173766 -0.09392697907879931
-0.721435272001085 -0.6302683397070993
-0.6884769529412158 -0.609966683295329
-0.3333885356301598 -0.29785700716552427
-0.161648349855075 -0.1472004779618128
-0.1384783687089147 -0.1266342780888251
-0.5081664595436434 -0.46997923138246506
-0.608582444318644 -0.5734747296630976
-0.10993229877556464 -0.10478352502667827
-0.08173322984960654 -0.07940686181798318
-0.6014557802714621 -0.5925110421434878
-0.4813969843864738 -0.48188447818164426
-0.08234897218036952 -0.08395503880384722
-0.38780849405512025 -0.39902253715430275
-0.3947361699325696 -0.4119782324166734
-0.5072708873393617 -0.5374935615661367
-0.44981215843431416 -0.4834390825281712
-0.45847647294950966 -0.49585449524834896
-0.0387161701829671 -0.04213896279505206
-0.09237391628034024 -0.1006082242768456
-0.4493973921009026 -0.496749875567892
-0.2771030446264653 -0.3101684974827607
-0.6061802318617533 -0.6866164656047037
-0.3899378306136081 -0.44541869169459547
-0.1904354567773501 -0.21870717880299864
-0.4754155955036197 -0.5555929029165392
-0.3752481118502551 -0.4468213287278261
-0.13494044231890392 -0.16085137540249406
-0.2028039961117994 -0.24266985594866616
-0.12380930736104294 -0.15036936951203914
-0.05792944128877228 -0.07108612152809274
-0.44737195484668485 -0.555004032222267
-0.24620956611887868 -0.30997794457062855
-0.02206103707729055 -0.028146538390356066
-0.47474039469301205 -0.6158243344121894
-0.34406052744104576 -0.4483536081204672
-0.17243534291779905 -0.22610516906121542
-0.4617642798896863 -0.6112932525102417
-0.4266092899190993 -0.5746975074538129
-0.2685401028633653 -0.3640749457453088
-0.48913688097733166 -0.6723809844917362
-0.1574757348742039 -0.22016538896521265
-0.4683766578525751 -0.663415190116344
-0.46451293099941965 -0.6588817914127603
-0.49423486124780974 -0.7127713318725651
-0.44500367182530853 -0.6464480716953886
-0.4795812537489774 -0.7091324274527553
-0.45648824151697326 -0.6875838273584628
-0.06054845266879539 -0.09207308828130094
-0.22667709885591625 -0.34738082525221176
-0.35892365119989356 -0.5557237433283586
-0.39893066780105113 -0.6182304896237959
-0.4899105714862629 -0.7694262876923184
-0.47151727734464466 -0.7550827691345952
-0.31022198237723375 -0.5039715113744195
-0.17526937521584215 -0.2909122114884059
-0.04433617221557658 -0.0745364403896533
-0.02523408682265888 -0.04313338994124554
-0.04320261663448727 -0.07505235627275797
-0.31972993587238496 -0.5586474610976099
-0.1983364129801451 -0.35330656723969206
-0.46482618445390955 -0.8371025686927737
-0.21014374636790956 -0.3815849930164795
-0.05566624536705841 -0.10305078481364485
-0.35226888747541235 -0.6625275422639031
-0.40737488999702237 -0.7842653653961379
-0.17041135671532864 -0.33128607907329893
-0.33048925382559985 -0.646490634484273
-0.20466364514142132 -0.4038198980564515
-0.15260900788537732 -0.30493059988944277
-0.13888629442451306 -0.28352107878949057
-0.21080689821790963 -0.43224302884832505
-0.11073825482323903 -0.23232066687742248
-0.00296891275786428 -0.006262396251771851
-0.21734957261882712 -0.4680862700352543
-0.27317498504361254 -0.5963112868558768
-0.02746948721490352 -0.060986004916924116
-0.23328700790811854 -0.5301138664493181
-0.26658582913571405 -0.614027765737559
-0.2674818757271403 -0.6193069430939664
-0.2050232739353041 -0.4861095836119711
-0.017050072925670193 -0.04097975108712489
-0.08855795856788813 -0.21417208056626394
-0.07861039527089775 -0.1948529817006939
-0.2220941679703746 -0.5609023841668278
-0.08147660722553608 -0.20902153729273482
-0.1436719318708372 -0.3733826610735619
-0.2605539506991017 -0.6834853773660762
-0.3018065127072078 -0.8074321130116404
-0.3074488316483545 -0.8349837537009422
-0.2689407688332905 -0.7524485812942837
-0.28242455593246957 -0.8014443569852744
-0.15084492337425515 -0.4323783730434427
-0.09608767017950647 -0.2763602642608584
-0.20343894200561802 -0.5989536055345753
-0.20002221828536987 -0.5936907468320114
-0.17452671139794598 -0.5222053667552068
-0.16443303689891528 -0.5058205058982728
-0.048829246399230176 -0.15362382250589507
-0.19564374559648082 -0.6368792707698128
-0.13720518598801845 -0.4533869303285132
-0.14088434158131444 -0.47993795825140545
-0.15007581115561275 -0.518843471548151
-0.062455121559708386 -0.21916095362278953
-0.11449403271872455 -0.4023868254417311
-0.18729877362614616 -0.6617472971553924
-0.2288552041996817 -0.8113887388707927
-0.21670806301155016 -0.7722265640014303
-0.015479289080620158 -0.05636906799420257
-0.25312827171727853 -0.9539805601250851
-0.24563705853547615 -0.9286318017102363
-0.1574991162103298 -0.5966292710748509
-0.033692182436516296 -0.1278184675603898
-0.0689348436729156 -0.2660799331520228
-0.16871724189806078 -0.6553196024948984
-0.013929786862727753 -0.05602432030899687
-0.1987137634439875 -0.8186142146411719
-0.06775970461253264 -0.28490944592213924
-0.1708001425114666 -0.7273212452842257
-0.19544148891340715 -0.8666020716396172
-0.008958990286248403 -0.0405801710907726
-0.18832237578333919 -0.8558165619381582
-0.18810267248908313 -0.8657014814848877
-0.07162417397190349 -0.3374699742342989
-0.11393430407912801 -0.5458831706621472
-0.11202480851398319 -0.5494871358538627
-0.04344419082421424 -0.22004638790054074
-0.031821684791998386 -0.1698016520921063
-0.13350089097427137 -0.7411652989689769
-0.008582461116179026 -0.04848405285785147
-0.12838524942910495 -0.7378322262146717
-0.08434606466196165 -0.5040779086208167
-0.15722160178973907 -0.9840117458956167
-0.037714549688132024 -0.23676045598378395
-0.03637322657891164 -0.23891813658924574
-0.11245242520042575 -0.741828070611235
-0.1390056551928503 -0.9482450785976245
-0.07441947558567089 -0.5141599714909737
-0.13637013652618604 -0.9512990202215688
-0.1364905586596782 -0.9826034653535632
-0.0393653022881503 -0.2867242347115841
-0.014895456072419053 -0.1121516587442058
-0.0692625589880256 -0.5271776506136376
-0.10144903753975114 -0.8253307042442357
-0.035972064572047685 -0.31731054476969195
-0.09087463934096716 -0.8278310522295683
-0.01167578678435973 -0.11542153798021629
-0.054488362211679485 -0.5926097006861065
-0.07174864235610368 -0.8195533850638821
-0.04083064198001767 -0.511110087113302
-0.03215992360501629 -0.4109166718844604
-0.008367374610347839 -0.1077123341098643
-0.05042960888957387 -0.6605253450860779
-0.016894827649029224 -0.2388326029046305
-0.0026246094422056787 -0.042377186274030566
-0.025913239599808385 -0.47553226267031756
-0.0013160690374758484 -0.02556433466564094
-0.024978493753585733 -0.5981804506526699
-0.027710231891787767 -0.6979388652535655
-0.011283682367748576 -0.3382931056413757
-0.011672208067090739 -0.4285707946013569
-0.021906455844136745 -0.9117345181363327
-0.012747795628682355 -0.6748855987634865
-0.01494453576622117 -0.8431114807703644
-0.00127135522029079 -0.1482153184375782
-0.0013973711975063018 -0.8106673591315346
0.0005288332443297847 -0.09949102657777602
0.005125487505980974 -0.379559568959514
0.0008276638568065122 -0.0470907628544424
0.01757264610643827 -0.7555080336657336
0.013644989722877072 -0.46664549801170024
0.008905019848823506 -0.28110482086654626
0.031247017903307046 -0.7722579251879347
0.03258912065525891 -0.7763955886924306
0.028680187657796424 -0.6024429886660941
0.04507795466230756 -0.8575863492805846
0.052200440905002345 -0.9546933560600634
0.02058605452416583 -0.3519211307214337
0.02551604544794681 -0.41895646555437377
0.029010964503892376 -0.43246799418970366
0.005693645858708484 -0.08099692383696486
0.03870745696329832 -0.5007172284071235
0.08104583322179627 -0.9425148699547597
0.018685982191286067 -0.21189757920127417
0.026133324140626746 -0.29106422413863126
0.06297999699690521 -0.6677700300083412
0.09361218061783284 -0.9730716792094729
0.0014164098845926725 -0.014071815993208165
0.048033213289084505 -0.4519790885065392
0.033952842098359755 -0.2945503426629117
0.06751879646005199 -0.5819080347683242
0.05991679343945458 -0.4906299670270129
0.10227751007979952 -0.7848140340793736
0.11614800349634978 -0.882811990904144
0.015531039992425872 -0.11646530929619076
0.00877165521059474 -0.0653635140183396
0.07392419962799625 -0.527837095552105
0.10851304779978839 -0.752780603720537
0.031626900145313115 -0.2061370542581088
0.0988444778360032 -0.6252804220112428
0.07990155266700015 -0.4974507831225967
0.04016458768765622 -0.23887407229441393
0.0011571722708242198 -0.006851902638921699
0.07669636282251797 -0.43709015814241203
0.02194939240170354 -0.11880756987106708
0.0603595654188475 -0.3185346052751584
0.046507759953061924 -0.24396629929290806
0.006339969205725551 -0.032075940594789236
0.05165564926729923 -0.25691922112558513
0.07706605479605506 -0.36542962939368007
0.11717296233104063 -0.5389947833027762
0.1977735762746435 -0.8749910432583855
0.0940677188360679 -0.414394863139167
0.062173656347884465 -0.2707460119029169
0.03423917644532681 -0.14626992585068296
0.0691825198628926 -0.28571488517105015
0.10175291551500283 -0.41768039829279086
0.11364670641542114 -0.45133042449015653
0.06463426771175174 -0.24821962105643053
0.17167252828015453 -0.6519170459052929
0.12037087766071189 -0.44944122804164904
0.16666947085037156 -0.6072699701576557
0.11866329797420219 -0.4165337596272294
0.19751846303967002 -0.6754393176448364
0.19664856390667915 -0.6680397736293197
0.17280781440497991 -0.5820520299334568
0.2882965206710185 -0.9558157949467727
0.18790217390925265 -0.6188121112323673
0.10652370270933297 -0.3496206063183923
0.0576705414463202 -0.18393692587833946
0.16689293072957423 -0.5280062329872267
0.16482064422010045 -0.5169063045979441
0.2177582982930522 -0.6650538923065341
0.25187619718369664 -0.7617512422023879
0.26565747773701665 -0.7838898910531796
0.2980544300482719 -0.8563444371606227
0.2801909874687115 -0.7950173917319096
0.3195564196387814 -0.90432730391666
0.22661645545164566 -5.550502336059532e-17
